🔍 [Check] Verificando si el brief de hoy ya fue enviado...
⏳ Todavía no son las 10:00 AM. Esperando al cron...
🔍 [Check] Verificando si el brief de hoy ya fue enviado...
🚀 No se envió el brief hoy y ya pasaron las 10:00 AM. Mandando ahora...
🎬 [DIRECTOR'S BRIEF] Preparando material de alta gama...
🧠 Analizando oportunidades de mercado...
✅ Creative Direction lista para: BOSTON CUERO
✅ Creative Direction lista para: RILEY
✅ Creative Direction lista para: RENATA
✅ Brief Directoral enviado. Producción en curso. Id: 89e24b9f-4845-4658-9bf2-b7573bc7c82e
🔍 [Check] Verificando si el brief de hoy ya fue enviado...
✅ El brief de hoy ya se envió. Descansando hasta mañana.
🔍 [Check] Verificando si el brief de hoy ya fue enviado...
✅ El brief de hoy ya se envió. Descansando hasta mañana.
🔍 [Check] Verificando si el brief de hoy ya fue enviado...
✅ El brief de hoy ya se envió. Descansando hasta mañana.
[dotenv@17.3.1] injecting env (7) from .env -- tip: 🔐 prevent building .env in docker: https://dotenvx.com/prebuild
🚀 [Marketing Bot] Motor listo. Programado para las 10:00 AM.
[dotenv@17.3.1] injecting env (7) from .env -- tip: 🛠️  run anywhere with `dotenvx run -- yourcommand`
🚀 [Marketing Bot] Motor listo. Programado para las 10:00 AM.
🎬 [CREATIVE BRIEF] Preparando material estratégico...
🧠 Analizando oportunidades de mercado...
✅ Creative Direction lista para: BOSTON CUERO
✅ Creative Direction lista para: RILEY
✅ Creative Direction lista para: RENATA
✅ Creative Brief enviado. Id: c0892d38-ef97-4521-8d33-bc4938e04047
